2022/10/25 08:17:28.114244 main.go:36: Start of Entry After Re-run
2022/10/25 08:19:42.647622 main.go:36: Start of Entry After Re-run
2022/10/25 08:19:48.786937 users.go:106: Verify Account Query: &{0x140000ac090 <nil> 1 0x1400001a380 0}
2022/10/25 08:20:27.267110 main.go:36: Start of Entry After Re-run
2022/10/25 08:21:50.177344 main.go:36: Start of Entry After Re-run
2022/10/25 08:24:51.979267 main.go:36: Start of Entry After Re-run
2022/10/25 08:25:11.211297 main.go:36: Start of Entry After Re-run
2022/10/25 08:25:29.954097 main.go:36: Start of Entry After Re-run
2022/10/25 08:25:44.765747 main.go:36: Start of Entry After Re-run
2022/10/25 08:35:13.912364 main.go:36: Start of Entry After Re-run
2022/10/25 08:36:51.255471 main.go:36: Start of Entry After Re-run
2022/10/25 08:37:26.946257 main.go:36: Start of Entry After Re-run
2022/10/25 08:37:37.373168 uploadimage.go:23: open profilepic.jpg: no such file or directory
2022/10/25 08:38:36.190928 main.go:36: Start of Entry After Re-run
2022/10/25 08:38:43.576522 uploadimage.go:22: open profilepic.jpg: no such file or directory
2022/10/25 08:39:35.940819 main.go:36: Start of Entry After Re-run
2022/10/25 08:39:43.355848 uploadimage.go:23: open profilepic.jpg: no such file or directory
2022/10/25 08:40:18.841950 main.go:36: Start of Entry After Re-run
2022/10/25 08:40:25.107968 uploadimage.go:25: open profilepic.jpg: no such file or directory
2022/10/25 08:42:08.802477 main.go:36: Start of Entry After Re-run
2022/10/25 08:42:17.172481 uploadimage.go:25: open profilepic.jpg: no such file or directory
2022/10/25 08:42:51.692216 main.go:36: Start of Entry After Re-run
2022/10/25 08:43:03.105864 uploadimage.go:26: open profilepic.jpg: no such file or directory
2022/10/25 08:45:53.427901 main.go:36: Start of Entry After Re-run
2022/10/25 08:50:12.841687 main.go:36: Start of Entry After Re-run
2022/10/25 08:52:21.042649 main.go:36: Start of Entry After Re-run
2022/10/25 08:52:35.306404 uploadimage.go:30: read ./: is a directory
2022/10/25 08:53:56.389150 main.go:36: Start of Entry After Re-run
2022/10/25 08:54:18.903572 uploadimage.go:30: read ./template/images: is a directory
2022/10/25 08:54:51.407952 main.go:36: Start of Entry After Re-run
2022/10/25 08:54:53.873367 uploadimage.go:30: open /template/images: no such file or directory
2022/10/25 08:59:34.165460 main.go:36: Start of Entry After Re-run
2022/10/25 09:01:22.347967 main.go:36: Start of Entry After Re-run
2022/10/25 09:30:10.579890 main.go:36: Start of Entry After Re-run
2022/10/25 09:31:55.912277 main.go:36: Start of Entry After Re-run
2022/10/25 09:38:18.878687 main.go:36: Start of Entry After Re-run
2022/10/25 09:39:41.559191 main.go:36: Start of Entry After Re-run
2022/10/25 09:40:42.234231 main.go:36: Start of Entry After Re-run
2022/10/25 09:41:36.946036 main.go:36: Start of Entry After Re-run
2022/10/25 09:42:08.768486 main.go:36: Start of Entry After Re-run
2022/10/25 09:42:34.207126 main.go:36: Start of Entry After Re-run
2022/10/25 09:44:36.429347 main.go:36: Start of Entry After Re-run
